<?xml version="1.0" ?>
<coverage version="7.9.2" timestamp="1753198425120" lines-valid="2" lines-covered="2" line-rate="1" branches-valid="0" branches-covered="0" branch-rate="1" complexity="0">
	<!-- Generated by coverage.py: https://coverage.readthedocs.io/en/7.9.2 -->
	<!-- Based on https://raw.githubusercontent.com/cobertura/web/master/htdocs/xml/coverage-04.dtd -->
	<sources>
		<source>/home/starcoder/Documents/PProjects/secondmind-cli</source>
	</sources>
	<packages>
		<package name="tests" line-rate="1" branch-rate="1" complexity="0">
			<classes>
				<class name="test_sanity.py" filename="tests/test_sanity.py" complexity="0" line-rate="1" branch-rate="1">
					<methods/>
					<lines>
						<line number="1" hits="1"/>
						<line number="2" hits="1"/>
					</lines>
				</class>
			</classes>
		</package>
	</packages>
</coverage>
